[29-Sep-2025 22:41:36 UTC] PHP Warning:  require_once(/opt/lampp/htdocs/keith/wp-content/plugins/keith-plugin/includes/header-notification.php): Failed to open stream: No such file or directory in /opt/lampp/htdocs/keith/wp-content/plugins/keith-plugin/keith-plugin.php on line 9
[29-Sep-2025 22:41:36 UTC] PHP Fatal error:  Uncaught Error: Failed opening required '/opt/lampp/htdocs/keith/wp-content/plugins/keith-plugin/includes/header-notification.php' (include_path='.:/opt/lampp/lib/php') in /opt/lampp/htdocs/keith/wp-content/plugins/keith-plugin/keith-plugin.php:9
Stack trace:
#0 /opt/lampp/htdocs/keith/wp-admin/includes/plugin.php(2387): include_once()
#1 /opt/lampp/htdocs/keith/wp-admin/includes/plugin.php(673): plugin_sandbox_scrape('keith-plugin/ke...')
#2 /opt/lampp/htdocs/keith/wp-admin/plugins.php(60): activate_plugin('keith-plugin/ke...', 'http://localhos...', false)
#3 {main}
  thrown in /opt/lampp/htdocs/keith/wp-content/plugins/keith-plugin/keith-plugin.php on line 9
[29-Sep-2025 22:49:01 UTC] PHP Warning:  require_once(/opt/lampp/htdocs/keith/wp-content/plugins/keith-plugin/includes/header-notification.php): Failed to open stream: No such file or directory in /opt/lampp/htdocs/keith/wp-content/plugins/keith-plugin/keith-plugin.php on line 9
[29-Sep-2025 22:49:01 UTC] PHP Fatal error:  Uncaught Error: Failed opening required '/opt/lampp/htdocs/keith/wp-content/plugins/keith-plugin/includes/header-notification.php' (include_path='.:/opt/lampp/lib/php') in /opt/lampp/htdocs/keith/wp-content/plugins/keith-plugin/keith-plugin.php:9
Stack trace:
#0 /opt/lampp/htdocs/keith/wp-admin/includes/plugin.php(2387): include_once()
#1 /opt/lampp/htdocs/keith/wp-admin/includes/plugin.php(673): plugin_sandbox_scrape('keith-plugin/ke...')
#2 /opt/lampp/htdocs/keith/wp-admin/plugins.php(60): activate_plugin('keith-plugin/ke...', 'http://localhos...', false)
#3 {main}
  thrown in /opt/lampp/htdocs/keith/wp-content/plugins/keith-plugin/keith-plugin.php on line 9
[30-Sep-2025 00:08:49 UTC] PHP Warning:  include_once(/opt/lampp/htdocs/keith/wp-content/plugins/keith-plugin/../FW/importConstantes.php): Failed to open stream: No such file or directory in /opt/lampp/htdocs/keith/wp-content/plugins/keith-plugin/keith-plugin.php on line 9
[30-Sep-2025 00:08:49 UTC] PHP Warning:  include_once(): Failed opening '/opt/lampp/htdocs/keith/wp-content/plugins/keith-plugin/../FW/importConstantes.php' for inclusion (include_path='.:/opt/lampp/lib/php') in /opt/lampp/htdocs/keith/wp-content/plugins/keith-plugin/keith-plugin.php on line 9
[30-Sep-2025 00:08:49 UTC] PHP Fatal error:  Uncaught Error: Undefined constant "SERVICOS" in /opt/lampp/htdocs/keith/wp-content/plugins/keith-plugin/keith-plugin.php:11
Stack trace:
#0 /opt/lampp/htdocs/keith/wp-settings.php(545): include_once()
#1 /opt/lampp/htdocs/keith/wp-config.php(112): require_once('/opt/lampp/htdo...')
#2 /opt/lampp/htdocs/keith/wp-load.php(50): require_once('/opt/lampp/htdo...')
#3 /opt/lampp/htdocs/keith/wp-admin/admin-ajax.php(22): require_once('/opt/lampp/htdo...')
#4 {main}
  thrown in /opt/lampp/htdocs/keith/wp-content/plugins/keith-plugin/keith-plugin.php on line 11
[30-Sep-2025 01:09:07 UTC] PHP Warning:  include_once(/opt/lampp/htdocsFW/importConstantes.php): Failed to open stream: No such file or directory in /opt/lampp/htdocs/keith/wp-content/plugins/keith-plugin/keith-plugin.php on line 9
[30-Sep-2025 01:09:07 UTC] PHP Warning:  include_once(): Failed opening '/opt/lampp/htdocsFW/importConstantes.php' for inclusion (include_path='.:/opt/lampp/lib/php') in /opt/lampp/htdocs/keith/wp-content/plugins/keith-plugin/keith-plugin.php on line 9
[30-Sep-2025 01:09:07 UTC] PHP Fatal error:  Uncaught Error: Undefined constant "SERVICOS" in /opt/lampp/htdocs/keith/wp-content/plugins/keith-plugin/keith-plugin.php:13
Stack trace:
#0 /opt/lampp/htdocs/keith/wp-settings.php(545): include_once()
#1 /opt/lampp/htdocs/keith/wp-config.php(112): require_once('/opt/lampp/htdo...')
#2 /opt/lampp/htdocs/keith/wp-load.php(50): require_once('/opt/lampp/htdo...')
#3 /opt/lampp/htdocs/keith/wp-blog-header.php(13): require_once('/opt/lampp/htdo...')
#4 /opt/lampp/htdocs/keith/index.php(17): require('/opt/lampp/htdo...')
#5 {main}
  thrown in /opt/lampp/htdocs/keith/wp-content/plugins/keith-plugin/keith-plugin.php on line 13
[30-Sep-2025 18:56:38 UTC] PHP Parse error:  syntax error, unexpected token "elseif" in /opt/lampp/htdocs/keith/wp-content/plugins/keith-plugin/keith-plugin.php on line 18
[30-Sep-2025 18:56:39 UTC] PHP Parse error:  syntax error, unexpected token "elseif" in /opt/lampp/htdocs/keith/wp-content/plugins/keith-plugin/keith-plugin.php on line 18
[30-Sep-2025 18:57:12 UTC] PHP Parse error:  syntax error, unexpected token "elseif" in /opt/lampp/htdocs/keith/wp-content/plugins/keith-plugin/keith-plugin.php on line 18
[30-Sep-2025 18:58:07 UTC] PHP Parse error:  syntax error, unexpected token "elseif" in /opt/lampp/htdocs/keith/wp-content/plugins/keith-plugin/keith-plugin.php on line 18
[30-Sep-2025 18:58:07 UTC] PHP Parse error:  syntax error, unexpected token "elseif" in /opt/lampp/htdocs/keith/wp-content/plugins/keith-plugin/keith-plugin.php on line 18
[30-Sep-2025 18:58:08 UTC] PHP Parse error:  syntax error, unexpected token "elseif" in /opt/lampp/htdocs/keith/wp-content/plugins/keith-plugin/keith-plugin.php on line 18
[30-Sep-2025 18:58:08 UTC] PHP Parse error:  syntax error, unexpected token "elseif" in /opt/lampp/htdocs/keith/wp-content/plugins/keith-plugin/keith-plugin.php on line 18
[30-Sep-2025 18:58:09 UTC] PHP Parse error:  syntax error, unexpected token "elseif" in /opt/lampp/htdocs/keith/wp-content/plugins/keith-plugin/keith-plugin.php on line 18
[30-Sep-2025 18:58:11 UTC] PHP Parse error:  syntax error, unexpected token "elseif" in /opt/lampp/htdocs/keith/wp-content/plugins/keith-plugin/keith-plugin.php on line 18
[30-Sep-2025 18:58:13 UTC] PHP Parse error:  syntax error, unexpected token "elseif" in /opt/lampp/htdocs/keith/wp-content/plugins/keith-plugin/keith-plugin.php on line 18
[30-Sep-2025 18:58:13 UTC] PHP Parse error:  syntax error, unexpected token "elseif" in /opt/lampp/htdocs/keith/wp-content/plugins/keith-plugin/keith-plugin.php on line 18
[30-Sep-2025 18:58:14 UTC] PHP Parse error:  syntax error, unexpected token "elseif" in /opt/lampp/htdocs/keith/wp-content/plugins/keith-plugin/keith-plugin.php on line 18
[30-Sep-2025 19:29:19 UTC] PHP Parse error:  syntax error, unexpected token "else", expecting end of file in /opt/lampp/htdocs/keith/wp-content/plugins/keith-plugin/keith-plugin.php on line 36
[30-Sep-2025 19:15:44 America/Sao_Paulo] WordPress database error Table 'keith_wordpress.wp_xyz_ips_short_code' doesn't exist for query SELECT * FROM wp_xyz_ips_short_code WHERE insertionMethod = 1 AND status = 1 made by activate_plugin, plugin_sandbox_scrape, include_once('/plugins/insert-php-code-snippet/insert-php-code-snippet.php'), require('/plugins/insert-php-code-snippet/shortcode-handler.php')
[29-Oct-2025 21:21:11 UTC] PHP Parse error:  syntax error, unexpected token "echo" in /opt/lampp/htdocs/keith/wp-content/plugins/keith-plugin/keith-plugin.php on line 15
[29-Oct-2025 21:21:12 UTC] PHP Parse error:  syntax error, unexpected token "echo" in /opt/lampp/htdocs/keith/wp-content/plugins/keith-plugin/keith-plugin.php on line 15
[29-Oct-2025 21:21:12 UTC] PHP Parse error:  syntax error, unexpected token "echo" in /opt/lampp/htdocs/keith/wp-content/plugins/keith-plugin/keith-plugin.php on line 15
[29-Oct-2025 21:21:12 UTC] PHP Parse error:  syntax error, unexpected token "echo" in /opt/lampp/htdocs/keith/wp-content/plugins/keith-plugin/keith-plugin.php on line 15
[29-Oct-2025 21:21:25 UTC] PHP Parse error:  syntax error, unexpected token "echo" in /opt/lampp/htdocs/keith/wp-content/plugins/keith-plugin/keith-plugin.php on line 15
[29-Oct-2025 21:21:25 UTC] PHP Parse error:  syntax error, unexpected token "echo" in /opt/lampp/htdocs/keith/wp-content/plugins/keith-plugin/keith-plugin.php on line 15
[29-Oct-2025 21:21:27 UTC] PHP Parse error:  syntax error, unexpected token "echo" in /opt/lampp/htdocs/keith/wp-content/plugins/keith-plugin/keith-plugin.php on line 15
[29-Oct-2025 21:21:28 UTC] PHP Parse error:  syntax error, unexpected token "echo" in /opt/lampp/htdocs/keith/wp-content/plugins/keith-plugin/keith-plugin.php on line 15
[29-Oct-2025 21:21:30 UTC] PHP Parse error:  syntax error, unexpected token "echo" in /opt/lampp/htdocs/keith/wp-content/plugins/keith-plugin/keith-plugin.php on line 15
[30-Oct-2025 22:29:26 UTC] Estamos na página de contato!
[30-Oct-2025 22:31:13 UTC] Estamos na página de contato!
[30-Oct-2025 22:36:03 UTC] Estamos na página de contato!
[30-Oct-2025 22:37:34 UTC] Estamos na página de contato!
[30-Oct-2025 22:44:50 UTC] Estamos na página de contato!
[31-Oct-2025 00:07:04 UTC] Estamos na página de contato!
[31-Oct-2025 00:09:18 UTC] Estamos na página de contato!
[31-Oct-2025 00:10:14 UTC] Estamos na página de contato!
[31-Oct-2025 00:10:14 UTC] Estamos na página de contato!
[31-Oct-2025 00:10:59 UTC] Estamos na página de contato!
[31-Oct-2025 00:13:26 UTC] Estamos na página de contato!
[31-Oct-2025 00:13:54 UTC] Estamos na página de contato!
[31-Oct-2025 00:15:47 UTC] Estamos na página de contato!
[31-Oct-2025 00:24:24 UTC] Estamos na página de contato!
[31-Oct-2025 00:25:46 UTC] Estamos na página de contato!
[31-Oct-2025 00:26:38 UTC] Estamos na página de contato!
[31-Oct-2025 00:27:27 UTC] Estamos na página de contato!
[31-Oct-2025 00:28:41 UTC] Estamos na página de contato!
[31-Oct-2025 00:34:13 UTC] Estamos na página de contato!
[31-Oct-2025 00:34:56 UTC] Estamos na página de contato!
[31-Oct-2025 22:13:56 UTC] PHP Parse error:  syntax error, unexpected token "." in /opt/lampp/htdocs/keith/wp-content/plugins/keith-plugin/keith-plugin.php on line 29
[31-Oct-2025 22:15:16 UTC] PHP Parse error:  syntax error, unexpected token "." in /opt/lampp/htdocs/keith/wp-content/plugins/keith-plugin/keith-plugin.php on line 29
[31-Oct-2025 22:15:16 UTC] PHP Parse error:  syntax error, unexpected token "." in /opt/lampp/htdocs/keith/wp-content/plugins/keith-plugin/keith-plugin.php on line 29
[31-Oct-2025 22:15:16 UTC] PHP Parse error:  syntax error, unexpected token "." in /opt/lampp/htdocs/keith/wp-content/plugins/keith-plugin/keith-plugin.php on line 29
[31-Oct-2025 22:15:19 UTC] PHP Parse error:  syntax error, unexpected token "." in /opt/lampp/htdocs/keith/wp-content/plugins/keith-plugin/keith-plugin.php on line 29
[31-Oct-2025 22:16:01 UTC] PHP Parse error:  syntax error, unexpected token "." in /opt/lampp/htdocs/keith/wp-content/plugins/keith-plugin/keith-plugin.php on line 29
[31-Oct-2025 22:16:01 UTC] PHP Parse error:  syntax error, unexpected token "." in /opt/lampp/htdocs/keith/wp-content/plugins/keith-plugin/keith-plugin.php on line 29
[31-Oct-2025 22:16:01 UTC] PHP Parse error:  syntax error, unexpected token "." in /opt/lampp/htdocs/keith/wp-content/plugins/keith-plugin/keith-plugin.php on line 29
[01-Nov-2025 00:14:07 UTC] PHP Parse error:  syntax error, unexpected token "array", expecting ")" in /opt/lampp/htdocs/keith/wp-content/plugins/keith-plugin/keith-plugin.php on line 26
[01-Nov-2025 00:14:10 UTC] PHP Parse error:  syntax error, unexpected token "array", expecting ")" in /opt/lampp/htdocs/keith/wp-content/plugins/keith-plugin/keith-plugin.php on line 26
[04-Nov-2025 00:17:28 UTC] PHP Fatal error:  Cannot redeclare importarGlobalJS() (previously declared in /opt/lampp/htdocs/keith/wp-content/plugins/keith-plugin/keith-plugin.php:31) in /opt/lampp/htdocs/keith/wp-content/plugins/keith-plugin/keith-plugin.php on line 40
[04-Nov-2025 00:17:47 UTC] PHP Parse error:  syntax error, unexpected token "function" in /opt/lampp/htdocs/keith/wp-content/plugins/keith-plugin/keith-plugin.php on line 17
[04-Nov-2025 00:17:48 UTC] PHP Parse error:  syntax error, unexpected token "function" in /opt/lampp/htdocs/keith/wp-content/plugins/keith-plugin/keith-plugin.php on line 17
[04-Nov-2025 00:17:49 UTC] PHP Parse error:  syntax error, unexpected token "function" in /opt/lampp/htdocs/keith/wp-content/plugins/keith-plugin/keith-plugin.php on line 17
[05-Nov-2025 00:42:41 UTC] [ERROR] : WP_CACHE constant is not present in wp-config.php
[05-Nov-2025 00:43:08 UTC] [ERROR] : WP_CACHE constant is not present in wp-config.php
[05-Nov-2025 00:43:24 UTC] [ERROR] : WP_CACHE constant is not present in wp-config.php
[05-Nov-2025 00:43:25 UTC] [ERROR] : WP_CACHE constant is not present in wp-config.php
[05-Nov-2025 16:15:26 UTC] PHP Fatal error:  Cannot redeclare wordpressGlobalJS() (previously declared in /opt/lampp/htdocs/keith/wp-content/plugins/keith-plugin/keith-plugin.php:20) in /opt/lampp/htdocs/keith/wp-content/plugins/keith-plugin/keith-plugin.php on line 29
[05-Nov-2025 16:17:29 UTC] PHP Fatal error:  Cannot redeclare wordpressGlobalJS() (previously declared in /opt/lampp/htdocs/keith/wp-content/plugins/keith-plugin/keith-plugin.php:20) in /opt/lampp/htdocs/keith/wp-content/plugins/keith-plugin/keith-plugin.php on line 29
[05-Nov-2025 16:19:29 UTC] PHP Fatal error:  Cannot redeclare wordpressGlobalJS() (previously declared in /opt/lampp/htdocs/keith/wp-content/plugins/keith-plugin/keith-plugin.php:20) in /opt/lampp/htdocs/keith/wp-content/plugins/keith-plugin/keith-plugin.php on line 29
[05-Nov-2025 16:21:31 UTC] PHP Fatal error:  Cannot redeclare wordpressGlobalJS() (previously declared in /opt/lampp/htdocs/keith/wp-content/plugins/keith-plugin/keith-plugin.php:20) in /opt/lampp/htdocs/keith/wp-content/plugins/keith-plugin/keith-plugin.php on line 29
[05-Nov-2025 16:32:50 UTC] PHP Fatal error:  Cannot redeclare wordpressGlobalJS() (previously declared in /opt/lampp/htdocs/keith/wp-content/plugins/keith-plugin/keith-plugin.php:20) in /opt/lampp/htdocs/keith/wp-content/plugins/keith-plugin/keith-plugin.php on line 29
[10-Nov-2025 21:39:25 UTC] PHP Parse error:  syntax error, unexpected token "<", expecting end of file in /opt/lampp/htdocs/keith/wp-content/plugins/keith-plugin/keith-plugin.php on line 20
[11-Nov-2025 00:54:11 UTC] PHP Parse error:  syntax error, unexpected token "if" in /opt/lampp/htdocs/keith/wp-content/plugins/keith-plugin/keith-plugin.php on line 109
[11-Nov-2025 00:54:13 UTC] PHP Parse error:  syntax error, unexpected token "if" in /opt/lampp/htdocs/keith/wp-content/plugins/keith-plugin/keith-plugin.php on line 109
[11-Nov-2025 00:54:15 UTC] PHP Parse error:  syntax error, unexpected token "if" in /opt/lampp/htdocs/keith/wp-content/plugins/keith-plugin/keith-plugin.php on line 109
[11-Nov-2025 00:54:17 UTC] PHP Parse error:  syntax error, unexpected token "if" in /opt/lampp/htdocs/keith/wp-content/plugins/keith-plugin/keith-plugin.php on line 109
[11-Nov-2025 00:54:19 UTC] PHP Parse error:  syntax error, unexpected token "if" in /opt/lampp/htdocs/keith/wp-content/plugins/keith-plugin/keith-plugin.php on line 109
[11-Nov-2025 00:54:21 UTC] PHP Parse error:  syntax error, unexpected token "if" in /opt/lampp/htdocs/keith/wp-content/plugins/keith-plugin/keith-plugin.php on line 109
[11-Nov-2025 00:54:24 UTC] PHP Parse error:  syntax error, unexpected token "if" in /opt/lampp/htdocs/keith/wp-content/plugins/keith-plugin/keith-plugin.php on line 109
[11-Nov-2025 00:54:27 UTC] PHP Parse error:  syntax error, unexpected token "if" in /opt/lampp/htdocs/keith/wp-content/plugins/keith-plugin/keith-plugin.php on line 109
[11-Nov-2025 00:54:30 UTC] PHP Parse error:  syntax error, unexpected token "?" in /opt/lampp/htdocs/keith/wp-content/plugins/keith-plugin/keith-plugin.php on line 107
[11-Nov-2025 00:54:32 UTC] PHP Parse error:  syntax error, unexpected token "?" in /opt/lampp/htdocs/keith/wp-content/plugins/keith-plugin/keith-plugin.php on line 107
[11-Nov-2025 00:54:34 UTC] PHP Parse error:  syntax error, unexpected token "?" in /opt/lampp/htdocs/keith/wp-content/plugins/keith-plugin/keith-plugin.php on line 107
[11-Nov-2025 00:54:36 UTC] PHP Parse error:  syntax error, unexpected token "?" in /opt/lampp/htdocs/keith/wp-content/plugins/keith-plugin/keith-plugin.php on line 107
[11-Nov-2025 00:54:37 UTC] PHP Parse error:  syntax error, unexpected token "?" in /opt/lampp/htdocs/keith/wp-content/plugins/keith-plugin/keith-plugin.php on line 108
[11-Nov-2025 00:54:39 UTC] PHP Parse error:  syntax error, unexpected token "?" in /opt/lampp/htdocs/keith/wp-content/plugins/keith-plugin/keith-plugin.php on line 108
[11-Nov-2025 00:54:41 UTC] PHP Parse error:  syntax error, unexpected token "?" in /opt/lampp/htdocs/keith/wp-content/plugins/keith-plugin/keith-plugin.php on line 108
[11-Nov-2025 00:54:43 UTC] PHP Parse error:  syntax error, unexpected token "?" in /opt/lampp/htdocs/keith/wp-content/plugins/keith-plugin/keith-plugin.php on line 108
[11-Nov-2025 00:54:45 UTC] PHP Parse error:  syntax error, unexpected token "?" in /opt/lampp/htdocs/keith/wp-content/plugins/keith-plugin/keith-plugin.php on line 108
[11-Nov-2025 00:54:46 UTC] PHP Parse error:  syntax error, unexpected token "?" in /opt/lampp/htdocs/keith/wp-content/plugins/keith-plugin/keith-plugin.php on line 108
[11-Nov-2025 00:54:48 UTC] PHP Parse error:  syntax error, unexpected token "?" in /opt/lampp/htdocs/keith/wp-content/plugins/keith-plugin/keith-plugin.php on line 108
[11-Nov-2025 00:54:50 UTC] PHP Parse error:  syntax error, unexpected token "?" in /opt/lampp/htdocs/keith/wp-content/plugins/keith-plugin/keith-plugin.php on line 108
[11-Nov-2025 00:54:52 UTC] PHP Parse error:  syntax error, unexpected token "?" in /opt/lampp/htdocs/keith/wp-content/plugins/keith-plugin/keith-plugin.php on line 108
[11-Nov-2025 00:54:53 UTC] PHP Parse error:  syntax error, unexpected token "?" in /opt/lampp/htdocs/keith/wp-content/plugins/keith-plugin/keith-plugin.php on line 105
[11-Nov-2025 00:54:55 UTC] PHP Parse error:  syntax error, unexpected token "?" in /opt/lampp/htdocs/keith/wp-content/plugins/keith-plugin/keith-plugin.php on line 105
[11-Nov-2025 00:54:56 UTC] PHP Parse error:  syntax error, unexpected token "?" in /opt/lampp/htdocs/keith/wp-content/plugins/keith-plugin/keith-plugin.php on line 105
[11-Nov-2025 00:54:58 UTC] PHP Parse error:  syntax error, unexpected token "?" in /opt/lampp/htdocs/keith/wp-content/plugins/keith-plugin/keith-plugin.php on line 105
[11-Nov-2025 00:54:59 UTC] PHP Parse error:  syntax error, unexpected token "?" in /opt/lampp/htdocs/keith/wp-content/plugins/keith-plugin/keith-plugin.php on line 105
[11-Nov-2025 00:55:01 UTC] PHP Parse error:  syntax error, unexpected token "?" in /opt/lampp/htdocs/keith/wp-content/plugins/keith-plugin/keith-plugin.php on line 105
[11-Nov-2025 00:55:02 UTC] PHP Parse error:  syntax error, unexpected token "?" in /opt/lampp/htdocs/keith/wp-content/plugins/keith-plugin/keith-plugin.php on line 105
[11-Nov-2025 00:55:04 UTC] PHP Parse error:  syntax error, unexpected token "?" in /opt/lampp/htdocs/keith/wp-content/plugins/keith-plugin/keith-plugin.php on line 105
[11-Nov-2025 00:55:06 UTC] PHP Parse error:  syntax error, unexpected token "?" in /opt/lampp/htdocs/keith/wp-content/plugins/keith-plugin/keith-plugin.php on line 105
[11-Nov-2025 00:55:07 UTC] PHP Parse error:  syntax error, unexpected token "?" in /opt/lampp/htdocs/keith/wp-content/plugins/keith-plugin/keith-plugin.php on line 105
[11-Nov-2025 00:55:09 UTC] PHP Parse error:  syntax error, unexpected token "?" in /opt/lampp/htdocs/keith/wp-content/plugins/keith-plugin/keith-plugin.php on line 105
[11-Nov-2025 00:55:10 UTC] PHP Parse error:  syntax error, unexpected token "?" in /opt/lampp/htdocs/keith/wp-content/plugins/keith-plugin/keith-plugin.php on line 105
[11-Nov-2025 00:55:56 UTC] PHP Parse error:  syntax error, unexpected token ";" in /opt/lampp/htdocs/keith/wp-content/plugins/keith-plugin/keith-plugin.php on line 104
[04-Dec-2025 19:20:15 UTC] [ERROR] : Cache config file /opt/lampp/htdocs/keith/wp-content/wpo-cache/config/config-localhost.php is not present
[04-Dec-2025 19:21:00 UTC] Automatic updates starting...
[04-Dec-2025 19:21:01 UTC]   Automatic plugin updates starting...
[04-Dec-2025 19:21:01 UTC]   Automatic plugin updates complete.
[04-Dec-2025 19:21:02 UTC] Automatic updates complete.
[04-Dec-2025 19:21:22 UTC] Erro de evento de reagendamento do cron para o gancho: wpo_purge_old_cache, código de erro: invalid_schedule, mensagem de erro: Agendamento do evento não existe., dados: {"schedule":"wpo_purge_old_cache","args":[],"interval":86400}
[05-Dec-2025 23:37:36 UTC] [ERROR] : Cache config file /opt/lampp/htdocs/keith/wp-content/wpo-cache/config/config-host.docker.internal-port41062.php is not present
[05-Dec-2025 23:38:17 UTC] Automatic updates starting...
[05-Dec-2025 23:38:17 UTC] Automatic updates complete.
[05-Dec-2025 23:40:35 UTC] [ERROR] : Cache config file /opt/lampp/htdocs/keith/wp-content/wpo-cache/config/config-172.17.0.1-port41062.php is not present
[06-Dec-2025 00:19:16 UTC] WordPress database error Table 'keith_wordpress.wp_options' doesn't exist for query SELECT option_name, option_value FROM wp_options WHERE option_name IN ('_transient_wpr_plugin_do_activation_redirect','_transient_timeout_wpr_plugin_do_activation_redirect') made by do_action('admin_init'), WP_Hook->do_action, WP_Hook->apply_filters, wpr_plugin_redirect, get_transient, wp_prime_option_caches
[06-Dec-2025 00:19:16 UTC] WordPress database error Table 'keith_wordpress.wp_options' doesn't exist for query SELECT option_name, option_value FROM wp_options WHERE option_name IN ('_transient_pum_activation_redirect','_transient_timeout_pum_activation_redirect') made by do_action('admin_init'), WP_Hook->do_action, WP_Hook->apply_filters, PUM_Admin_Onboarding::welcome_redirect, get_transient, wp_prime_option_caches
[06-Dec-2025 00:19:16 UTC] WordPress database error Table 'keith_wordpress.wp_options' doesn't exist for query SELECT option_value FROM wp_options WHERE option_name = '_hello-elementor_notifications' LIMIT 1 made by do_action('admin_init'), WP_Hook->do_action, WP_Hook->apply_filters, Elementor\WPNotificationsPackage\V120\Notifications->refresh_notifications, Elementor\WPNotificationsPackage\V120\Notifications->get_notifications, Elementor\WPNotificationsPackage\V120\Notifications::get_transient, get_option
[06-Dec-2025 00:19:17 UTC] WordPress database error Table 'keith_wordpress.wp_options' doesn't exist for query INSERT INTO `wp_options` (`option_name`, `option_value`, `autoload`) VALUES ('_hello-elementor_notifications', 'a:2:{s:7:\"timeout\";i:1765023557;s:5:\"value\";s:7987:\"[{\"id\":\"hello-theme-3.4.5\",\"title\":\"3.4.5 - 2025-10-27\",\"description\":\"\\n            <ul>\\n\\t\\t\\t\\t<li>New: Add theme home to Finder<\\/li>\\n\\t\\t\\t\\t<li>Tweak: Improve banner behavior after clicking on action button<\\/li>\\n\\t\\t\\t\\t<li>Fix: Load styles correctly in Gutenberg pages<\\/li>\\n\\t\\t\\t\\t<li>Fix: Do not change menu name after Elementor activation<\\/li>\\n\\t\\t\\t\\t<li>Fix: Ensure quicklinks works correctly from home page<\\/li>\\n            <\\/ul>\"},{\"id\":\"hello-theme-3.4.4\",\"title\":\"3.4.4 - 2025-06-08\",\"description\":\"\\n            <ul>\\n\\t\\t\\t\\t<li>Tweak: Improve Header\\/Footer edit access from theme Home<\\/li>\\n            <\\/ul>\"},{\"id\":\"hello-theme-3.4.3\",\"title\":\"3.4.3 - 2025-05-26\",\"description\":\"\\n            <ul>\\n\\t\\t\\t\\t<li>Fix: Settings page empty after 3.4.0 in translated sites<\\/li>\\n\\t\\t\\t\\t<li>Fix: PHP 8.4 deprecation notice<\\/li>\\n            <\\/ul>\"},{\"id\":\"hello-theme-3.4.2\",\"title\":\"3.4.2 - 2025-05-19\",\"description\":\"\\n            <ul>\\n\\t\\t\\t\\t<li>Tweak: Set Home links font weight to regular<\\/li>\\n  \\t\\t        <li>Tweak: Dart SASS 3.0.0 - resolve scss deprecated warnings<\\/li>\\n    \\t\\t    <li>Fix: Settings page empty after 3.4.0<\\/li>\\n            <\\/ul>\"},{\"id\":\"hello-theme-3.4.0\",\"title\":\"3.4.0 - 2025-05-05\",\"description\":\"\\n            <ul>\\n                <li>New: Added Theme Home<\\/li>\\n\\t\\t\\t\\t<li>Tweak: Update theme settings page style<\\/li>\\n\\t\\t\\t\\t<li>Tweak: Update tested up to version 6.8<\\/li>\\n            <\\/ul>\"},{\"id\":\"hello-theme-3.3.0\",\"title\":\"3.3.0 - 2025-01-21\",\"description\":\"\\n            <ul>\\n                <li>Tweak: Added changelog link in theme settings<\\/li>\\n\\t\\t\\t\\t<li>Tweak: Updated minimum required Safari version to 15.5<\\/li>\\n  \\t\\t        <li>Tweak: Update autoprefixer to latest versions<\\/li>\\n            <\\/ul>\"},{\"id\":\"hello-theme-3.2.1\",\"title\":\"3.2.1 - 2024-12-16\",\"description\":\"\\n            <ul>\\n                <li>\\n                    Fix: Gutenberg editor expanded disproportionately after adding support for <code>theme.json<\\/code>\\n                    (<a href=\\\"https:\\/\\/github.com\\/elementor\\/hello-theme\\/issues\\/430\\\" target=\\\"_blank\\\">#430<\\/a>)\\n                <\\/li>\\n                <li>Fix: Use CSS logical properties in the theme<\\/li>\\n                <li>Fix: Add ARIA attributes to header nav menu<\\/li>\\n            <\\/ul>\"},{\"id\":\"hello-theme-3.2.0\",\"title\":\"3.2.0 - 2024-12-15\",\"description\":\"\\n            <ul>\\n                <li>Tweak: Convert classic to hybrid theme with block-editor support<\\/li>\\n                <li>Tweak: Added new design options to header\\/footer<\\/li>\\n                <li>Tweak: Update <code>Tested up to 6.7<\\/code><\\/li>\\n                <li>\\n                    Fix: Minify JS files\\n                    (<a href=\\\"https:\\/\\/github.com\\/elementor\\/hello-theme\\/issues\\/419\\\" target=\\\"_blank\\\">#419<\\/a>)\\n                <\\/li>\\n            <\\/ul>\"},{\"id\":\"hello-theme-3.1.1\",\"title\":\"3.1.1 - 2024-07-30\",\"description\":\"\\n            <ul>\\n                <li>Fix: Use consistent <code>&lt;h2&gt;<\\/code> for comments title and comment form<\\/li>\\n            <\\/ul>\"},{\"id\":\"hello-theme-3.1.0\",\"title\":\"3.1.0 - 2024-06-19\",\"description\":\"\\n            <ul>\\n                <li>Tweak: Update <code>Requires PHP 7.4<\\/code><\\/li>\\n                <li>Tweak: Update <code>Tested up to 6.5<\\/code><\\/li>\\n                <li>Tweak: Add the ability to style the brand layout<\\/li>\\n                <li>Tweak: Remove deprecated Elementor code<\\/li>\\n                <li>Tweak: Restore default focus styling inside the theme<\\/li>\\n                <li>Tweak: Add <code>aria-label<\\/code> attribute to various <code>&lt;nav&gt;<\\/code> elements<\\/li>\\n                <li>Tweak: Improve mobile menu keyboard accessibility<\\/li>\\n                <li>Tweak: Semantic mobile menu toggle button<\\/li>\\n                <li>Fix: The header renders redundant <code>&lt;p&gt;<\\/code> when tagline is empty<\\/li>\\n                <li>Fix: Single post renders redundant wrapping <code>&lt;div&gt;<\\/code> when it has no tags<\\/li>\\n                <li>Fix: Remove redundant wrapping <code>&lt;div&gt;<\\/code> from <code>wp_nav_menu()<\\/code> output<\\/li>\\n                <li>Fix: Wrap page <code>&lt;h1&gt;<\\/code> with <code>&lt;div&gt;<\\/code>, not <code>&lt;header&gt;<\\/code><\\/li>\\n                <li>Fix: Use consistent <code>&lt;h3&gt;<\\/code> for comments title and comment form<\\/li>\\n                <li>Fix: Remove heading tags from dynamic header\\/footer<\\/li>\\n                <li>\\n                    Fix: Mobile Menu hamburger is not visible for logged-out users in some cases\\n                    (<a href=\\\"https:\\/\\/github.com\\/elementor\\/hello-theme\\/issues\\/369\\\" target=\\\"_blank\\\">#369<\\/a>)\\n                <\\/li>\\n                <li>Fix: Remove duplicate ID attributes in the header mobile menu<\\/li>\\n                <li>\\n                    Fix: Remove redundant table styles\\n                    (<a href=\\\"https:\\/\\/github.com\\/elementor\\/hello-theme\\/issues\\/311\\\" target=\\\"_blank\\\">#311<\\/a>)\\n                <\\/li>\\n                <li>Fix: Remove redundant space below Site Logo in the header\\/footer<\\/li>\\n                <li>Fix: Remove redundant CSS from dynamic header\\/footer layout<\\/li>\\n                <li>\\n                    Fix: Separate post tags in single post\\n                    (<a href=\\\"https:\\/\\/github.com\\/elementor\\/hello-theme\\/issues\\/304\\\" target=\\\"_blank\\\">#304<\\/a>)\\n                <\\/li>\\n                <li>Fix: Display <code>the_tags()<\\/code> after <code>wp_link_pages()<\\/code><\\/li>\\n                <li>Fix: Remove page break navigation from archives when using <code>&lt;!--nextpage--&gt;<\\/code><\\/li>\\n                <li>Fix: Style posts pagination component layout<\\/li>\\n                <li>Fix: Add RTL support to pagination arrows in archive pages<\\/li>\\n                <li>\\n                    Fix: Update pagination prev\\/next labels and positions\\n                    (<a href=\\\"https:\\/\\/github.com\\/elementor\\/hello-theme\\/issues\\/404\\\" target=\\\"_blank\\\">#404<\\/a>)\\n                <\\/li>\\n                <li>Fix: Check if Elementor is loaded when using dynamic header & footer<\\/li>\\n            <\\/ul>\"},{\"id\":\"hello-theme-3.0.2\",\"title\":\"3.0.2 - 2024-05-28\",\"description\":\"\\n            <ul>\\n                <li>Internal: Version bump release to refresh WordPress repository<\\/li>\\n            <\\/ul>\"},{\"id\":\"hello-theme-3.0.1\",\"title\":\"3.0.1 - 2024-01-24\",\"description\":\"\\n            <ul>\\n                <li>Fix: Harden security for admin notice dismiss button<\\/li>\\n                <li>Fix: Add <code>alt<\\/code> attribute to all the images in the dashboard<\\/li>\\n            <\\/ul>\"},{\"id\":\"hello-theme-3.0.0\",\"title\":\"3.0.0 - 2023-12-26\",\"description\":\"\\n            <ul>\\n                <li>New: Option to disable cross-site header & footer<\\/li>\\n                <li>Tweak: Update <code>Requires PHP 7.3<\\/code><\\/li>\\n                <li>Tweak: Update <code>Tested up to 6.4<\\/code><\\/li>\\n                <li>Tweak: Move cross-site header & footer styles to a separate CSS file<\\/li>\\n                <li>Tweak: Don\'t load <code>header-footer.min.css<\\/code> when disabling header & footer<\\/li>\\n                <li>Tweak: Don\'t load <code>hello-frontend.min.js<\\/code> when disabling header & footer<\\/li>\\n                <li>Tweak: Replace jQuery code with vanilla JS in the frontend<\\/li>\\n                <li>Tweak: Replace jQuery code with vanilla JS in WordPress admin<\\/li>\\n                <li>Tweak: Remove unused JS code from the frontend<\\/li>\\n                <li>Tweak: Remove unused CSS code from the editor<\\/li>\\n                <li>Tweak: Remove unnecessary <code>role<\\/code> attributes from HTML landmark elements<\\/li>\\n                <li>Tweak: Link from Elementor Site Settings to Hello Theme Settings<\\/li>\\n                <li>Fix: Dynamic script version for better caching<\\/li>\\n            <\\/ul>\"}]\";}', 'off') ON DUPLICATE KEY UPDATE `option_name` = VALUES(`option_name`), `option_value` = VALUES(`option_value`), `autoload` = VALUES(`autoload`) made by do_action('admin_init'), WP_Hook->do_action, WP_Hook->apply_filters, Elementor\WPNotificationsPackage\V120\Notifications->refresh_notifications, Elementor\WPNotificationsPackage\V120\Notifications->get_notifications, Elementor\WPNotificationsPackage\V120\Notifications::set_transient, update_option, add_option
[06-Dec-2025 00:19:17 UTC] WordPress database error Table 'keith_wordpress.wp_options' doesn't exist for query SELECT option_name, option_value FROM wp_options WHERE option_name IN ('_transient_elementor_activation_redirect','_transient_timeout_elementor_activation_redirect') made by do_action('admin_init'), WP_Hook->do_action, WP_Hook->apply_filters, Elementor\Core\Admin\Admin->maybe_redirect_to_getting_started, get_transient, wp_prime_option_caches
[06-Dec-2025 00:19:17 UTC] WordPress database error Table 'keith_wordpress.wp_posts' doesn't exist for query SELECT * FROM wp_posts WHERE ID = 3 LIMIT 1 made by do_action('admin_init'), WP_Hook->do_action, WP_Hook->apply_filters, WP_Privacy_Policy_Content::text_change_check, current_user_can, user_can, WP_User->has_cap, map_meta_cap, get_post, WP_Post::get_instance
[06-Dec-2025 00:19:17 UTC] WordPress database error Table 'keith_wordpress.wp_options' doesn't exist for query SELECT option_name, option_value FROM wp_options WHERE option_name IN ('_transient_timeout_doing_cron') made by shutdown_action_hook, do_action('shutdown'), WP_Hook->do_action, WP_Hook->apply_filters, _wp_cron, spawn_cron, set_transient, wp_prime_option_caches
[06-Dec-2025 00:19:17 UTC] WordPress database error Table 'keith_wordpress.wp_options' doesn't exist for query SELECT autoload FROM wp_options WHERE option_name = '_transient_doing_cron' LIMIT 1 made by shutdown_action_hook, do_action('shutdown'), WP_Hook->do_action, WP_Hook->apply_filters, _wp_cron, spawn_cron, set_transient, update_option
[06-Dec-2025 00:19:17 UTC] WordPress database error Table 'keith_wordpress.wp_options' doesn't exist for query SHOW FULL COLUMNS FROM `wp_options` made by shutdown_action_hook, do_action('shutdown'), WP_Hook->do_action, WP_Hook->apply_filters, _wp_cron, spawn_cron, set_transient, update_option
